<?xml version="1.0" encoding="utf-8"?><testsuites name="pytest tests"><testsuite name="pytest" errors="0" failures="2" skipped="0" tests="13" time="1.360" timestamp="2026-07-30T19:55:12.754318+00:00" hostname="agent-env-a1136bba-a709-41ab-9767-832605e7e469"><testcase classname="backend.tests.test_iteration6_blog.TestBlogAPI" name="test_list_blog_posts_returns_six" time="0.172" /><testcase classname="backend.tests.test_iteration6_blog.TestBlogAPI" name="test_filter_by_category_by_visa" time="0.062" /><testcase classname="backend.tests.test_iteration6_blog.TestBlogAPI" name="test_filter_by_tag_dasp" time="0.061" /><testcase classname="backend.tests.test_iteration6_blog.TestBlogAPI" name="test_get_blog_post_by_slug" time="0.066" /><testcase classname="backend.tests.test_iteration6_blog.TestBlogAPI" name="test_unknown_slug_returns_404" time="0.069" /><testcase classname="backend.tests.test_iteration6_blog.TestRegression" name="test_estimate_endpoint" time="0.074"><failure message="AssertionError: {&quot;detail&quot;:[{&quot;type&quot;:&quot;literal_error&quot;,&quot;loc&quot;:[&quot;body&quot;,&quot;input_mode&quot;],&quot;msg&quot;:&quot;Input should be 'balance' or 'earnings'&quot;,&quot;input&quot;:&quot;wage&quot;,&quot;ctx&quot;:{&quot;expected&quot;:&quot;'balance' or 'earnings'&quot;},&quot;url&quot;:&quot;https://errors.pydantic.dev/2.13/v/literal_error&quot;}]}&#10;assert 422 == 200&#10; +  where 422 = &lt;Response [422]&gt;.status_code">backend/tests/test_iteration6_blog.py:72: in test_estimate_endpoint
    assert r.status_code == 200, r.text
E   AssertionError: {"detail":[{"type":"literal_error","loc":["body","input_mode"],"msg":"Input should be 'balance' or 'earnings'","input":"wage","ctx":{"expected":"'balance' or 'earnings'"},"url":"https://errors.pydantic.dev/2.13/v/literal_error"}]}
E   assert 422 == 200
E    +  where 422 = &lt;Response [422]&gt;.status_code</failure></testcase><testcase classname="backend.tests.test_iteration6_blog.TestRegression" name="test_leads_with_utm_and_referral" time="0.073"><failure message="AssertionError: {&quot;detail&quot;:[{&quot;type&quot;:&quot;literal_error&quot;,&quot;loc&quot;:[&quot;body&quot;,&quot;input_mode&quot;],&quot;msg&quot;:&quot;Input should be 'balance' or 'earnings'&quot;,&quot;input&quot;:&quot;wage&quot;,&quot;ctx&quot;:{&quot;expected&quot;:&quot;'balance' or 'earnings'&quot;},&quot;url&quot;:&quot;https://errors.pydantic.dev/2.13/v/literal_error&quot;}]}&#10;assert 422 in (200, 201, 429)&#10; +  where 422 = &lt;Response [422]&gt;.status_code">backend/tests/test_iteration6_blog.py:91: in test_leads_with_utm_and_referral
    assert r.status_code in (200, 201, 429), r.text
E   AssertionError: {"detail":[{"type":"literal_error","loc":["body","input_mode"],"msg":"Input should be 'balance' or 'earnings'","input":"wage","ctx":{"expected":"'balance' or 'earnings'"},"url":"https://errors.pydantic.dev/2.13/v/literal_error"}]}
E   assert 422 in (200, 201, 429)
E    +  where 422 = &lt;Response [422]&gt;.status_code</failure></testcase><testcase classname="backend.tests.test_iteration6_blog.TestRegression" name="test_admin_analytics_requires_auth" time="0.072" /><testcase classname="backend.tests.test_iteration6_blog.TestRegression" name="test_admin_analytics_with_login" time="0.367" /><testcase classname="backend.tests.test_iteration6_blog.TestRegression" name="test_referral_progress_endpoint" time="0.060" /><testcase classname="backend.tests.test_iteration6_blog.TestSEOStaticAssets" name="test_robots_txt" time="0.059" /><testcase classname="backend.tests.test_iteration6_blog.TestSEOStaticAssets" name="test_sitemap_xml" time="0.064" /><testcase classname="backend.tests.test_iteration6_blog.TestSEOStaticAssets" name="test_index_html_seo_tags" time="0.061" /></testsuite></testsuites>