<?xml version="1.0" encoding="utf-8"?><testsuites name="pytest tests"><testsuite name="pytest" errors="0" failures="0" skipped="0" tests="16" time="13.569" timestamp="2026-07-31T22:02:50.266082+00:00" hostname="agent-env-a1136bba-a709-41ab-9767-832605e7e469"><testcase classname="tests.test_iteration12.TestEnvSync" name="test_secrets_present" time="0.001" /><testcase classname="tests.test_iteration12.TestEnvSync" name="test_secrets_match" time="0.000" /><testcase classname="tests.test_iteration12.TestRevalidateRoute" name="test_no_header_forbidden" time="0.012" /><testcase classname="tests.test_iteration12.TestRevalidateRoute" name="test_wrong_header_forbidden" time="0.011" /><testcase classname="tests.test_iteration12.TestRevalidateRoute" name="test_correct_header_ok" time="0.010" /><testcase classname="tests.test_iteration12.TestOutboxAdmin" name="test_list_shape" time="0.524" /><testcase classname="tests.test_iteration12.TestOutboxAdmin" name="test_filter_by_status" time="0.333" /><testcase classname="tests.test_iteration12.TestOutboxAdmin" name="test_process_now_endpoint" time="0.694" /><testcase classname="tests.test_iteration12.TestOutboxAdmin" name="test_retry_404" time="0.111" /><testcase classname="tests.test_iteration12.TestOutboxAdmin" name="test_delete_404" time="0.113" /><testcase classname="tests.test_iteration12.TestOutboxAdmin" name="test_requires_auth" time="0.147" /><testcase classname="tests.test_iteration12.TestLeadPipeline" name="test_post_lead_creates_and_enqueues" time="2.104" /><testcase classname="tests.test_iteration12.TestLeadPipeline" name="test_resend_code_path_fires_in_logs" time="2.119" /><testcase classname="tests.test_iteration12.TestPublishPipeline" name="test_publish_existing_slug_pings_both" time="6.230" /><testcase classname="tests.test_iteration12.TestPublishPipeline" name="test_publish_does_not_crash_when_gsc_unset" time="0.001" /><testcase classname="tests.test_iteration12.TestRateLimit" name="test_rate_limit_returns_429" time="1.014" /></testsuite></testsuites>