<?xml version="1.0" encoding="utf-8"?><testsuites name="pytest tests"><testsuite name="pytest" errors="0" failures="0" skipped="0" tests="12" time="3.316" timestamp="2026-07-31T12:18:48.685950+00:00" hostname="agent-env-a1136bba-a709-41ab-9767-832605e7e469"><testcase classname="backend.tests.test_iteration9.TestSSR" name="test_home_ssr_h1" time="0.262" /><testcase classname="backend.tests.test_iteration9.TestSSR" name="test_blog_list_ssr" time="0.286" /><testcase classname="backend.tests.test_iteration9.TestSSR" name="test_blog_post_ssr" time="0.343" /><testcase classname="backend.tests.test_iteration9.TestBlogAPI" name="test_list_posts" time="0.103" /><testcase classname="backend.tests.test_iteration9.TestBlogAPI" name="test_get_post" time="0.092" /><testcase classname="backend.tests.test_iteration9.TestBlogAPI" name="test_missing_post_404" time="0.096" /><testcase classname="backend.tests.test_iteration9.TestLead" name="test_lead_submit" time="0.110" /><testcase classname="backend.tests.test_iteration9.TestCommentsAdmin" name="test_delete_comment_flow" time="0.850" /><testcase classname="backend.tests.test_iteration9.TestAutopilotRequeue" name="test_requeue_on_queued_returns_400" time="0.301" /><testcase classname="backend.tests.test_iteration9.TestAutopilotRequeue" name="test_requeue_nonexistent_returns_404" time="0.117" /><testcase classname="backend.tests.test_iteration9.TestAutopilotRequeue" name="test_requeue_failed_item_success" time="0.313" /><testcase classname="backend.tests.test_iteration9.TestAdminAuth" name="test_unauthenticated_admin_endpoints" time="0.308" /></testsuite></testsuites>