<?xml version="1.0" encoding="utf-8"?><testsuites name="pytest tests"><testsuite name="pytest" errors="0" failures="1" skipped="0" tests="24" time="4.131" timestamp="2026-08-25T05:52:35.525966+00:00" hostname="agent-env-a1136bba-a709-41ab-9767-832605e7e469"><testcase classname="tests.test_iteration14.TestAuth" name="test_login_new_password" time="1.267" /><testcase classname="tests.test_iteration14.TestAuth" name="test_old_password_rejected" time="0.274" /><testcase classname="tests.test_iteration14.TestAuth" name="test_me" time="0.099" /><testcase classname="tests.test_iteration14.TestAuth" name="test_admin_route_requires_auth" time="0.049" /><testcase classname="tests.test_iteration14.TestEstimateAndLeads" name="test_estimate" time="0.050" /><testcase classname="tests.test_iteration14.TestEstimateAndLeads" name="test_estimate_invalid" time="0.050" /><testcase classname="tests.test_iteration14.TestEstimateAndLeads" name="test_create_lead_and_referral" time="0.176" /><testcase classname="tests.test_iteration14.TestEstimateAndLeads" name="test_lead_visible_in_admin" time="0.048" /><testcase classname="tests.test_iteration14.TestBlog" name="test_list" time="0.051" /><testcase classname="tests.test_iteration14.TestBlog" name="test_detail_and_404" time="0.178" /><testcase classname="tests.test_iteration14.TestBlog" name="test_comments_post_and_read" time="0.152" /><testcase classname="tests.test_iteration14.TestAdminEndpoints" name="test_get_ok[/api/admin/stats]" time="0.048" /><testcase classname="tests.test_iteration14.TestAdminEndpoints" name="test_get_ok[/api/admin/analytics]" time="0.048" /><testcase classname="tests.test_iteration14.TestAdminEndpoints" name="test_get_ok[/api/admin/outbox]" time="0.048" /><testcase classname="tests.test_iteration14.TestAdminEndpoints" name="test_get_ok[/api/admin/comments]" time="0.046" /><testcase classname="tests.test_iteration14.TestAdminEndpoints" name="test_get_ok[/api/admin/site-settings]" time="0.047" /><testcase classname="tests.test_iteration14.TestAdminEndpoints" name="test_get_ok[/api/admin/autopilot]" time="0.048" /><testcase classname="tests.test_iteration14.TestAdminEndpoints" name="test_stats_shape" time="0.045" /><testcase classname="tests.test_iteration14.TestAdminEndpoints" name="test_export" time="0.043" /><testcase classname="tests.test_iteration14.TestAdminEndpoints" name="test_outbox_process_now" time="0.468" /><testcase classname="tests.test_iteration14.TestAdminEndpoints" name="test_site_config_public" time="0.053" /><testcase classname="tests.test_iteration14.TestSeo" name="test_seo[/sitemap.xml-&lt;urlset]" time="0.330"><failure message="assert 404 == 200&#10; +  where 404 = &lt;Response [404]&gt;.status_code">E   assert 404 == 200
     +  where 404 = &lt;Response [404]&gt;.status_code</failure></testcase><testcase classname="tests.test_iteration14.TestSeo" name="test_seo[/robots.txt-Sitemap]" time="0.051" /><testcase classname="tests.test_iteration14.TestBlogCreate" name="test_create_and_delete" time="0.353" /></testsuite></testsuites>