<?xml version="1.0" encoding="utf-8"?><testsuites name="pytest tests"><testsuite name="pytest" errors="0" failures="1" skipped="0" tests="18" time="36.108" timestamp="2026-07-30T20:25:50.609395+00:00" hostname="agent-env-a1136bba-a709-41ab-9767-832605e7e469"><testcase classname="backend.tests.test_iteration7.TestSEO" name="test_site_config" time="0.249" /><testcase classname="backend.tests.test_iteration7.TestSEO" name="test_sitemap_xml" time="0.063" /><testcase classname="backend.tests.test_iteration7.TestSEO" name="test_robots_txt" time="0.050" /><testcase classname="backend.tests.test_iteration7.TestSEO" name="test_google_verify_404_when_empty" time="0.064"><failure message="assert 200 == 404&#10; +  where 200 = &lt;Response [200]&gt;.status_code">backend/tests/test_iteration7.py:78: in test_google_verify_404_when_empty
    assert r.status_code == 404
E   assert 200 == 404
E    +  where 200 = &lt;Response [200]&gt;.status_code</failure></testcase><testcase classname="backend.tests.test_iteration7.TestComments" name="test_post_comment_auto_approved" time="0.064" /><testcase classname="backend.tests.test_iteration7.TestComments" name="test_post_comment_missing_field_422" time="0.060" /><testcase classname="backend.tests.test_iteration7.TestComments" name="test_post_comment_unknown_slug_404" time="0.055" /><testcase classname="backend.tests.test_iteration7.TestComments" name="test_post_threaded_reply" time="0.055" /><testcase classname="backend.tests.test_iteration7.TestComments" name="test_get_comments_public" time="0.051" /><testcase classname="backend.tests.test_iteration7.TestAdminComments" name="test_list_all" time="0.367" /><testcase classname="backend.tests.test_iteration7.TestAdminComments" name="test_requires_auth" time="0.053" /><testcase classname="backend.tests.test_iteration7.TestAdminComments" name="test_approve_and_delete" time="0.228" /><testcase classname="backend.tests.test_iteration7.TestBlogStudio" name="test_generate_draft" time="34.131" /><testcase classname="backend.tests.test_iteration7.TestBlogStudio" name="test_publish_update_delete" time="0.308" /><testcase classname="backend.tests.test_iteration7.TestRegression" name="test_estimate" time="0.046" /><testcase classname="backend.tests.test_iteration7.TestRegression" name="test_blog_list" time="0.047" /><testcase classname="backend.tests.test_iteration7.TestRegression" name="test_admin_analytics" time="0.053" /><testcase classname="backend.tests.test_iteration7.TestRegression" name="test_weekly_digest_run" time="0.053" /></testsuite></testsuites>