<?xml version="1.0" encoding="utf-8"?><testsuites name="pytest tests"><testsuite name="pytest" errors="0" failures="0" skipped="0" tests="17" time="10.611" timestamp="2026-08-25T06:27:08.177033+00:00" hostname="agent-env-a1136bba-a709-41ab-9767-832605e7e469"><testcase classname="tests.test_iteration16.TestDefaultAuthor" name="test_publish_without_author_defaults_to_refundmysuper" time="2.029" /><testcase classname="tests.test_iteration16.TestSeededBlogBrand" name="test_blog_list_no_aussieback" time="0.104" /><testcase classname="tests.test_iteration16.TestSeededBlogBrand" name="test_each_post_detail_no_aussieback" time="0.721" /><testcase classname="tests.test_iteration16.TestSeededBlogBrand" name="test_keyword_tag_arrays_clean" time="0.097" /><testcase classname="tests.test_iteration16.TestServiceIdentity" name="test_health" time="0.094" /><testcase classname="tests.test_iteration16.TestServiceIdentity" name="test_openapi_title" time="0.019" /><testcase classname="tests.test_iteration16.TestCsvExport" name="test_export_filename" time="0.101" /><testcase classname="tests.test_iteration16.TestCsvExport" name="test_export_requires_auth" time="0.124" /><testcase classname="tests.test_iteration16.TestSsrHtml" name="test_ssr_no_aussieback[/blog]" time="0.777" /><testcase classname="tests.test_iteration16.TestSsrHtml" name="test_ssr_no_aussieback[/blog/aussieback-case-study-japanese-student-6180]" time="1.061" /><testcase classname="tests.test_iteration16.TestSsrHtml" name="test_ssr_no_aussieback[/blog/how-to-claim-australian-super-refund-2026-guide]" time="0.409" /><testcase classname="tests.test_iteration16.TestSsrHtml" name="test_ssr_no_aussieback[/blog/working-holiday-visa-super-refund-guide]" time="0.310" /><testcase classname="tests.test_iteration16.TestSsrHtml" name="test_ssr_no_aussieback[/blog/student-visa-500-super-refund]" time="0.377" /><testcase classname="tests.test_iteration16.TestSsrHtml" name="test_ssr_no_aussieback[/blog/uk-backpackers-claim-super-from-london]" time="0.317" /><testcase classname="tests.test_iteration16.TestSsrHtml" name="test_ssr_no_aussieback[/blog/5-dasp-refund-mistakes-that-cost-you-thousands]" time="0.341" /><testcase classname="tests.test_iteration16.TestSsrHtml" name="test_blog_ssr_h1" time="0.250" /><testcase classname="tests.test_iteration16.TestOutboundCopy" name="test_lead_flow_and_digest" time="3.397" /></testsuite></testsuites>