<?xml version="1.0" encoding="utf-8"?><testsuites name="pytest tests"><testsuite name="pytest" errors="0" failures="0" skipped="0" tests="27" time="14.986" timestamp="2026-07-31T13:04:19.312959+00:00" hostname="agent-env-a1136bba-a709-41ab-9767-832605e7e469"><testcase classname="tests.test_iteration10.TestRegression" name="test_root" time="0.232" /><testcase classname="tests.test_iteration10.TestRegression" name="test_estimate" time="0.105" /><testcase classname="tests.test_iteration10.TestRegression" name="test_blog_list" time="0.135" /><testcase classname="tests.test_iteration10.TestRegression" name="test_blog_post_get_real_slug" time="0.097" /><testcase classname="tests.test_iteration10.TestRegression" name="test_blog_post_missing_slug_from_review_404" time="0.102" /><testcase classname="tests.test_iteration10.TestRegression" name="test_comments_list" time="0.106" /><testcase classname="tests.test_iteration10.TestRegression" name="test_referrals_404" time="0.094" /><testcase classname="tests.test_iteration10.TestRegression" name="test_admin_login_success" time="0.343" /><testcase classname="tests.test_iteration10.TestRegression" name="test_admin_login_fail" time="0.317" /><testcase classname="tests.test_iteration10.TestRegression" name="test_admin_leads" time="0.099" /><testcase classname="tests.test_iteration10.TestRegression" name="test_admin_stats" time="0.092" /><testcase classname="tests.test_iteration10.TestRegression" name="test_admin_analytics" time="0.105" /><testcase classname="tests.test_iteration10.TestRegression" name="test_admin_leads_export" time="0.117" /><testcase classname="tests.test_iteration10.TestRegression" name="test_admin_comments_list" time="0.096" /><testcase classname="tests.test_iteration10.TestRegression" name="test_admin_site_settings_get" time="0.121" /><testcase classname="tests.test_iteration10.TestRegression" name="test_admin_autopilot_get" time="0.104" /><testcase classname="tests.test_iteration10.TestRegression" name="test_share_event" time="0.103" /><testcase classname="tests.test_iteration10.TestRegression" name="test_admin_auth_guard" time="0.537" /><testcase classname="tests.test_iteration10.TestRegression" name="test_ping_search_engines_no_keys" time="0.097" /><testcase classname="tests.test_iteration10.TestRootSEO" name="test_sitemap" time="0.016" /><testcase classname="tests.test_iteration10.TestRootSEO" name="test_robots" time="0.002" /><testcase classname="tests.test_iteration10.TestRootSEO" name="test_indexnow_key_file_404_when_unset" time="0.002" /><testcase classname="tests.test_iteration10.TestLeadFlow" name="test_create_lead" time="0.104" /><testcase classname="tests.test_iteration10.TestStatusUnchanged" name="test_status_same_returns_unchanged" time="0.203" /><testcase classname="tests.test_iteration10.TestHMACSigning" name="test_sign_format" time="0.203" /><testcase classname="tests.test_iteration10.TestWebhookLive" name="test_all_four_events_signed" time="6.318" /><testcase classname="tests.test_iteration10.TestWebhookLive" name="test_unchanged_status_no_webhook" time="4.987" /></testsuite></testsuites>