<?xml version="1.0" encoding="utf-8"?><testsuites name="pytest tests"><testsuite name="pytest" errors="0" failures="0" skipped="0" tests="11" time="2.199" timestamp="2026-07-30T19:33:15.775360+00:00" hostname="agent-env-a1136bba-a709-41ab-9767-832605e7e469"><testcase classname="backend.tests.test_iteration5.TestReferralLookup" name="test_existing_code_returns_first_name" time="0.533" /><testcase classname="backend.tests.test_iteration5.TestReferralLookup" name="test_case_insensitive" time="0.126" /><testcase classname="backend.tests.test_iteration5.TestReferralLookup" name="test_unknown_code_404" time="0.112" /><testcase classname="backend.tests.test_iteration5.TestReferralLookup" name="test_whitespace_code_404" time="0.133" /><testcase classname="backend.tests.test_iteration5.TestReferralProgress" name="test_progress_shape" time="0.131" /><testcase classname="backend.tests.test_iteration5.TestReferralProgress" name="test_progress_next_tier_when_zero" time="0.124" /><testcase classname="backend.tests.test_iteration5.TestReferralProgress" name="test_unknown_code_404" time="0.117" /><testcase classname="backend.tests.test_iteration5.TestUtmPassthrough" name="test_utm_persisted_and_echoed" time="0.115" /><testcase classname="backend.tests.test_iteration5.TestAdminAnalyticsUtm" name="test_utm_sources_present" time="0.499" /><testcase classname="backend.tests.test_iteration5.TestWeeklyDigest" name="test_requires_auth" time="0.106" /><testcase classname="backend.tests.test_iteration5.TestWeeklyDigest" name="test_run_returns_digest" time="0.126" /></testsuite></testsuites>