<?xml version="1.0" encoding="utf-8"?><testsuites name="pytest tests"><testsuite name="pytest" errors="0" failures="0" skipped="0" tests="17" time="62.811" timestamp="2026-07-31T11:31:38.553279+00:00" hostname="agent-env-a1136bba-a709-41ab-9767-832605e7e469"><testcase classname="backend.tests.test_iteration8.TestSiteSettings" name="test_get_initial" time="0.479" /><testcase classname="backend.tests.test_iteration8.TestSiteSettings" name="test_put_persists_and_public_reflects" time="0.108" /><testcase classname="backend.tests.test_iteration8.TestSiteSettings" name="test_put_empty_clears_override" time="0.102" /><testcase classname="backend.tests.test_iteration8.TestAutopilot" name="test_initial_state" time="0.148" /><testcase classname="backend.tests.test_iteration8.TestAutopilot" name="test_config_patch" time="0.146" /><testcase classname="backend.tests.test_iteration8.TestAutopilot" name="test_queue_crud_ordering" time="1.458" /><testcase classname="backend.tests.test_iteration8.TestAutopilot" name="test_run_disabled" time="0.101" /><testcase classname="backend.tests.test_iteration8.TestAutopilot" name="test_run_empty_queue" time="0.144" /><testcase classname="backend.tests.test_iteration8.TestAutopilot" name="test_run_publishes_via_claude" time="34.137" /><testcase classname="backend.tests.test_iteration8.TestRegression" name="test_estimate" time="0.049" /><testcase classname="backend.tests.test_iteration8.TestRegression" name="test_leads_with_utm_referral" time="0.059" /><testcase classname="backend.tests.test_iteration8.TestRegression" name="test_analytics" time="0.061" /><testcase classname="backend.tests.test_iteration8.TestRegression" name="test_weekly_digest_run" time="0.055" /><testcase classname="backend.tests.test_iteration8.TestRegression" name="test_blog_list" time="0.048" /><testcase classname="backend.tests.test_iteration8.TestRegression" name="test_referral_progress" time="0.053" /><testcase classname="backend.tests.test_iteration8.TestRegression" name="test_generate_draft" time="25.273" /><testcase classname="backend.tests.test_iteration8.TestRegression" name="test_comments_flow" time="0.293" /></testsuite></testsuites>