<?xml version="1.0" encoding="utf-8"?><testsuites name="pytest tests"><testsuite name="pytest" errors="0" failures="0" skipped="0" tests="21" time="12.418" timestamp="2026-08-25T06:10:05.814605+00:00" hostname="agent-env-a1136bba-a709-41ab-9767-832605e7e469"><testcase classname="tests.test_iteration15.TestSeoEndpoints" name="test_sitemap_public" time="0.460" /><testcase classname="tests.test_iteration15.TestSeoEndpoints" name="test_indexnow_key_public" time="0.047" /><testcase classname="tests.test_iteration15.TestSeoEndpoints" name="test_indexnow_wrong_key_404" time="0.048" /><testcase classname="tests.test_iteration15.TestSeoEndpoints" name="test_robots_backend_internal" time="0.003" /><testcase classname="tests.test_iteration15.TestSeoEndpoints" name="test_site_config" time="0.045" /><testcase classname="tests.test_iteration15.TestAdminAuth" name="test_login_ok" time="0.279" /><testcase classname="tests.test_iteration15.TestAdminAuth" name="test_old_password_rejected" time="0.266" /><testcase classname="tests.test_iteration15.TestAdminAuth" name="test_protected_requires_token" time="0.098" /><testcase classname="tests.test_iteration15.TestEstimatorAndLeads" name="test_estimate_balance" time="0.043" /><testcase classname="tests.test_iteration15.TestEstimatorAndLeads" name="test_estimate_earnings" time="0.043" /><testcase classname="tests.test_iteration15.TestEstimatorAndLeads" name="test_estimate_validation" time="0.042" /><testcase classname="tests.test_iteration15.TestEstimatorAndLeads" name="test_lead_create_and_persist" time="0.186" /><testcase classname="tests.test_iteration15.TestEstimatorAndLeads" name="test_lead_bad_phone_rejected" time="0.043" /><testcase classname="tests.test_iteration15.TestBlogPublic" name="test_list" time="0.044" /><testcase classname="tests.test_iteration15.TestBlogPublic" name="test_detail_and_ssr" time="7.928" /><testcase classname="tests.test_iteration15.TestBlogPublic" name="test_blog_list_ssr" time="1.882" /><testcase classname="tests.test_iteration15.TestBlogPublic" name="test_unknown_slug_404" time="0.042" /><testcase classname="tests.test_iteration15.TestAdminDashboard" name="test_stats" time="0.105" /><testcase classname="tests.test_iteration15.TestAdminDashboard" name="test_analytics" time="0.291" /><testcase classname="tests.test_iteration15.TestAdminDashboard" name="test_outbox_list" time="0.101" /><testcase classname="tests.test_iteration15.TestAdminDashboard" name="test_comments_list" time="0.329" /></testsuite></testsuites>