<?xml version="1.0" encoding="utf-8"?><testsuites name="pytest tests"><testsuite name="pytest" errors="0" failures="0" skipped="0" tests="16" time="1.979" timestamp="2026-06-22T12:55:44.397124+00:00" hostname="agent-env-a1136bba-a709-41ab-9767-832605e7e469"><testcase classname="backend.tests.test_aussieback_api.TestHealth" name="test_root_ok" time="0.287" /><testcase classname="backend.tests.test_aussieback_api.TestEstimator" name="test_working_holiday_balance_5000" time="0.045" /><testcase classname="backend.tests.test_aussieback_api.TestEstimator" name="test_other_temp_earnings_45000" time="0.045" /><testcase classname="backend.tests.test_aussieback_api.TestEstimator" name="test_other_temp_balance" time="0.045" /><testcase classname="backend.tests.test_aussieback_api.TestLeads" name="test_create_lead_persists" time="0.398" /><testcase classname="backend.tests.test_aussieback_api.TestAdminAuth" name="test_login_success" time="0.268" /><testcase classname="backend.tests.test_aussieback_api.TestAdminAuth" name="test_login_wrong_password" time="0.274" /><testcase classname="backend.tests.test_aussieback_api.TestAdminAuth" name="test_me_with_token" time="0.049" /><testcase classname="backend.tests.test_aussieback_api.TestAdminAuth" name="test_me_without_token" time="0.102" /><testcase classname="backend.tests.test_aussieback_api.TestAdminLeads" name="test_list_leads" time="0.047" /><testcase classname="backend.tests.test_aussieback_api.TestAdminLeads" name="test_search_query" time="0.049" /><testcase classname="backend.tests.test_aussieback_api.TestAdminLeads" name="test_status_filter" time="0.044" /><testcase classname="backend.tests.test_aussieback_api.TestAdminLeads" name="test_update_status" time="0.089" /><testcase classname="backend.tests.test_aussieback_api.TestAdminLeads" name="test_update_status_not_found" time="0.053" /><testcase classname="backend.tests.test_aussieback_api.TestAdminStatsExport" name="test_stats" time="0.050" /><testcase classname="backend.tests.test_aussieback_api.TestAdminStatsExport" name="test_export_csv" time="0.046" /></testsuite></testsuites>