<?xml version="1.0" encoding="utf-8"?><testsuites name="pytest tests"><testsuite name="pytest" errors="0" failures="0" skipped="0" tests="5" time="1.620" timestamp="2026-07-30T12:41:36.884661+00:00" hostname="agent-env-a1136bba-a709-41ab-9767-832605e7e469"><testcase classname="backend.tests.test_new_features.TestPhoneValidation" name="test_invalid_alpha_phone_returns_422" time="0.251" /><testcase classname="backend.tests.test_new_features.TestPhoneValidation" name="test_short_numeric_phone_returns_422" time="0.110" /><testcase classname="backend.tests.test_new_features.TestPhoneValidation" name="test_valid_e164_returns_200_and_normalized" time="0.098" /><testcase classname="backend.tests.test_new_features.TestRecaptchaStub" name="test_lead_creation_without_recaptcha_header_succeeds" time="0.145" /><testcase classname="backend.tests.test_new_features.TestRateLimit" name="test_rate_limit_eventually_triggers_429" time="0.952" /></testsuite></testsuites>