<?xml version="1.0" encoding="utf-8"?><testsuites name="pytest tests"><testsuite name="pytest" errors="0" failures="0" skipped="0" tests="14" time="2.688" timestamp="2026-07-30T13:35:57.925135+00:00" hostname="agent-env-a1136bba-a709-41ab-9767-832605e7e469"><testcase classname="backend.tests.test_referral_analytics.TestReferralCodes" name="test_first_lead_gets_valid_referral_code" time="0.285" /><testcase classname="backend.tests.test_referral_analytics.TestReferralCodes" name="test_second_lead_has_different_code" time="0.132" /><testcase classname="backend.tests.test_referral_analytics.TestReferralLinking" name="test_valid_referred_by_code_resolves_lead_id" time="0.117" /><testcase classname="backend.tests.test_referral_analytics.TestReferralLinking" name="test_unknown_referred_by_code_passes_through" time="0.116" /><testcase classname="backend.tests.test_referral_analytics.TestShareEvents" name="test_valid_share_event_returns_ok" time="0.129" /><testcase classname="backend.tests.test_referral_analytics.TestShareEvents" name="test_story_channel_accepted" time="0.121" /><testcase classname="backend.tests.test_referral_analytics.TestShareEvents" name="test_invalid_channel_returns_422" time="0.126" /><testcase classname="backend.tests.test_referral_analytics.TestAdminAnalytics" name="test_analytics_requires_auth" time="0.134" /><testcase classname="backend.tests.test_referral_analytics.TestAdminAnalytics" name="test_analytics_returns_shape" time="0.483" /><testcase classname="backend.tests.test_referral_analytics.TestRegression" name="test_estimate_math" time="0.101" /><testcase classname="backend.tests.test_referral_analytics.TestRegression" name="test_admin_leads_list" time="0.107" /><testcase classname="backend.tests.test_referral_analytics.TestRegression" name="test_admin_stats" time="0.125" /><testcase classname="backend.tests.test_referral_analytics.TestRegression" name="test_admin_export_csv" time="0.129" /><testcase classname="backend.tests.test_referral_analytics.TestRegression" name="test_status_update_and_persistence" time="0.486" /></testsuite></testsuites>